<?xml version="1.0" encoding="UTF-8"?>
<!-- Generated by org.testng.reporters.JUnitReportReporter -->
<testsuite skipped="0" hostname="DESKTOP-UCMASAE" name="com.usa.runnerpage.MyRunnerPage" tests="1" failures="0" timestamp="29 Feb 2020 21:16:13 GMT" time="0.149" errors="0">
  <testcase name="feature" time="0.149" classname="com.usa.runnerpage.MyRunnerPage"/>
</testsuite> <!-- com.usa.runnerpage.MyRunnerPage -->
