<?xml version="1.0" encoding="UTF-8"?>
<!-- Generated by org.testng.reporters.JUnitReportReporter -->
<testsuite skipped="0" hostname="DESKTOP-UCMASAE" name="com.usa.runnerpage.NewTest" tests="1" failures="0" timestamp="29 Feb 2020 21:06:21 GMT" time="0.020" errors="0">
  <testcase name="f" time="0.020" classname="com.usa.runnerpage.NewTest"/>
</testsuite> <!-- com.usa.runnerpage.NewTest -->
